2026-05-22 15:30:35,881	INFO	start	count=3	mode=test
2026-05-22 15:30:47,077	INFO	ok	1.1	audio=downloaded	questions=1	transcript_len=595
2026-05-22 15:30:59,281	INFO	ok	1.2	audio=downloaded	questions=1	transcript_len=616
2026-05-22 15:31:13,382	INFO	ok	1.3	audio=downloaded	questions=1	transcript_len=603
2026-05-22 15:33:12,161	INFO	start	count=3	mode=test
2026-05-22 15:34:45,947	INFO	ok	1.1	audio=downloaded	questions=1	transcript_len=595
2026-05-22 15:34:58,288	INFO	ok	1.2	audio=downloaded	questions=1	transcript_len=616
2026-05-22 15:35:19,761	INFO	ok	1.3	audio=downloaded	questions=1	transcript_len=603
2026-05-22 15:35:34,384	INFO	start	count=3	mode=test
2026-05-22 15:35:34,384	INFO	skip	1.1	(already exists)
2026-05-22 15:35:35,886	INFO	skip	1.2	(already exists)
2026-05-22 15:35:37,387	INFO	skip	1.3	(already exists)
2026-05-22 16:23:15,310	INFO	start	count=346	mode=all
2026-05-22 16:23:15,441	INFO	skip	1.1	(already exists)
2026-05-22 16:23:16,942	INFO	skip	1.2	(already exists)
2026-05-22 16:23:18,443	INFO	skip	1.3	(already exists)
2026-05-22 16:23:25,726	INFO	ok	1.4	audio=downloaded	questions=1	transcript_len=567
2026-05-22 16:23:28,060	INFO	ok	1.5	audio=downloaded	questions=1	transcript_len=524
2026-05-22 16:23:30,341	INFO	ok	1.6	audio=downloaded	questions=1	transcript_len=620
2026-05-22 16:23:32,765	INFO	ok	1.7	audio=downloaded	questions=1	transcript_len=512
2026-05-22 16:23:35,106	INFO	ok	1.8	audio=downloaded	questions=1	transcript_len=425
2026-05-22 16:23:37,437	INFO	ok	1.9	audio=downloaded	questions=1	transcript_len=607
2026-05-22 16:23:39,815	INFO	ok	1.10	audio=downloaded	questions=1	transcript_len=516
2026-05-22 16:23:39,815	INFO	progress	10/346	ok=7 skip=3 err=0
2026-05-22 16:23:42,135	INFO	ok	1.11	audio=downloaded	questions=1	transcript_len=368
2026-05-22 16:24:04,441	INFO	ok	1.12	audio=downloaded	questions=1	transcript_len=371
2026-05-22 16:24:09,433	INFO	ok	1.13	audio=downloaded	questions=1	transcript_len=317
2026-05-22 16:24:11,772	INFO	ok	1.14	audio=downloaded	questions=1	transcript_len=300
2026-05-22 16:24:14,304	INFO	ok	1.15	audio=downloaded	questions=1	transcript_len=324
2026-05-22 16:24:21,678	INFO	ok	1.16	audio=downloaded	questions=1	transcript_len=426
2026-05-22 16:24:32,561	INFO	ok	1.17	audio=downloaded	questions=1	transcript_len=408
2026-05-22 16:24:35,479	INFO	ok	1.18	audio=downloaded	questions=1	transcript_len=436
2026-05-22 16:24:38,692	INFO	ok	1.19	audio=downloaded	questions=1	transcript_len=247
2026-05-22 16:24:41,676	INFO	ok	1.20	audio=downloaded	questions=1	transcript_len=0
2026-05-22 16:24:41,679	INFO	progress	20/346	ok=17 skip=3 err=0
2026-05-22 16:24:43,944	INFO	ok	1.21	audio=downloaded	questions=1	transcript_len=0
2026-05-22 16:24:50,683	INFO	ok	1.22	audio=downloaded	questions=1	transcript_len=0
2026-05-22 16:24:53,041	INFO	ok	1.23	audio=downloaded	questions=1	transcript_len=0
2026-05-22 16:24:55,221	INFO	ok	1.24	audio=downloaded	questions=1	transcript_len=0
2026-05-22 16:24:58,355	INFO	ok	1.25	audio=downloaded	questions=1	transcript_len=0
2026-05-22 16:25:01,383	INFO	ok	1.26	audio=downloaded	questions=1	transcript_len=0
2026-05-22 16:25:04,423	INFO	ok	1.27	audio=downloaded	questions=1	transcript_len=0
2026-05-22 16:25:06,667	INFO	ok	1.28	audio=downloaded	questions=1	transcript_len=0
2026-05-22 16:25:08,863	INFO	ok	1.29	audio=downloaded	questions=1	transcript_len=0
2026-05-22 16:25:10,940	INFO	ok	1.30	audio=downloaded	questions=1	transcript_len=0
2026-05-22 16:25:10,941	INFO	progress	30/346	ok=27 skip=3 err=0
2026-05-22 16:25:13,150	INFO	ok	1.31	audio=downloaded	questions=1	transcript_len=0
2026-05-22 16:25:15,350	INFO	ok	1.32	audio=downloaded	questions=1	transcript_len=0
2026-05-22 16:25:17,417	INFO	ok	1.33	audio=downloaded	questions=1	transcript_len=0
2026-05-22 16:25:19,780	INFO	ok	1.34	audio=downloaded	questions=1	transcript_len=0
2026-05-22 16:25:22,120	INFO	ok	1.35	audio=downloaded	questions=1	transcript_len=0
2026-05-22 16:25:24,432	INFO	ok	1.36	audio=downloaded	questions=1	transcript_len=0
2026-05-22 16:25:26,722	INFO	ok	1.37	audio=downloaded	questions=1	transcript_len=0
2026-05-22 16:25:28,930	INFO	ok	1.38	audio=downloaded	questions=1	transcript_len=0
2026-05-22 16:25:31,162	INFO	ok	1.39	audio=downloaded	questions=1	transcript_len=0
2026-05-22 16:25:33,348	INFO	ok	1.40	audio=downloaded	questions=1	transcript_len=0
2026-05-22 16:25:33,348	INFO	progress	40/346	ok=37 skip=3 err=0
2026-05-22 16:25:35,717	INFO	ok	1.41	audio=downloaded	questions=1	transcript_len=0
2026-05-22 16:25:38,079	INFO	ok	1.42	audio=downloaded	questions=1	transcript_len=0
2026-05-22 16:25:40,351	INFO	ok	1.43	audio=downloaded	questions=1	transcript_len=0
2026-05-22 16:25:47,691	INFO	ok	1.44	audio=downloaded	questions=1	transcript_len=0
2026-05-22 16:25:49,980	INFO	ok	1.45	audio=downloaded	questions=1	transcript_len=0
2026-05-22 16:25:58,935	INFO	ok	1.46	audio=downloaded	questions=1	transcript_len=0
2026-05-22 16:26:01,293	INFO	ok	1.47	audio=downloaded	questions=1	transcript_len=0
2026-05-22 16:26:03,618	INFO	ok	1.48	audio=downloaded	questions=1	transcript_len=0
2026-05-22 16:26:05,858	INFO	ok	1.49	audio=downloaded	questions=1	transcript_len=0
2026-05-22 16:26:27,981	INFO	ok	1.50	audio=downloaded	questions=1	transcript_len=0
2026-05-22 16:26:27,982	INFO	progress	50/346	ok=47 skip=3 err=0
2026-05-22 16:26:37,915	INFO	ok	1.51	audio=downloaded	questions=1	transcript_len=0
2026-05-22 16:26:48,315	INFO	ok	1.52	audio=downloaded	questions=1	transcript_len=0
2026-05-22 16:27:13,633	INFO	ok	1.53	audio=downloaded	questions=1	transcript_len=0
2026-05-22 16:27:15,897	INFO	ok	1.54	audio=downloaded	questions=1	transcript_len=0
2026-05-22 16:27:18,987	INFO	ok	1.55	audio=downloaded	questions=1	transcript_len=0
2026-05-22 16:27:31,319	INFO	ok	1.56	audio=downloaded	questions=1	transcript_len=0
2026-05-22 16:27:33,411	INFO	ok	1.57	audio=downloaded	questions=1	transcript_len=0
2026-05-22 16:27:44,982	INFO	ok	1.58	audio=downloaded	questions=1	transcript_len=0
2026-05-22 16:27:47,222	INFO	ok	1.59	audio=downloaded	questions=1	transcript_len=0
2026-05-22 16:27:49,395	INFO	ok	1.60	audio=downloaded	questions=1	transcript_len=0
2026-05-22 16:27:49,397	INFO	progress	60/346	ok=57 skip=3 err=0
2026-05-22 16:27:51,573	INFO	ok	1.61	audio=downloaded	questions=1	transcript_len=0
2026-05-22 16:27:54,778	INFO	ok	1.62	audio=downloaded	questions=1	transcript_len=0
2026-05-22 16:27:57,009	INFO	ok	1.63	audio=downloaded	questions=1	transcript_len=0
2026-05-22 16:28:00,300	INFO	ok	1.64	audio=downloaded	questions=1	transcript_len=0
2026-05-22 16:28:02,766	INFO	ok	1.65	audio=downloaded	questions=1	transcript_len=0
2026-05-22 16:28:04,930	INFO	ok	1.66	audio=downloaded	questions=1	transcript_len=0
2026-05-22 16:28:07,175	INFO	ok	1.67	audio=downloaded	questions=1	transcript_len=0
2026-05-22 16:28:09,453	INFO	ok	1.68	audio=downloaded	questions=1	transcript_len=0
2026-05-22 16:28:26,674	INFO	ok	1.69	audio=downloaded	questions=1	transcript_len=0
2026-05-22 16:28:28,969	INFO	ok	1.70	audio=downloaded	questions=1	transcript_len=0
2026-05-22 16:28:28,969	INFO	progress	70/346	ok=67 skip=3 err=0
2026-05-22 16:28:31,316	INFO	ok	1.71	audio=downloaded	questions=1	transcript_len=0
2026-05-22 16:28:33,719	INFO	ok	1.72	audio=downloaded	questions=1	transcript_len=0
2026-05-22 16:28:35,860	INFO	ok	1.73	audio=downloaded	questions=1	transcript_len=0
2026-05-22 16:28:37,960	INFO	ok	1.74	audio=downloaded	questions=1	transcript_len=0
2026-05-22 16:28:40,192	INFO	ok	1.75	audio=downloaded	questions=1	transcript_len=0
2026-05-22 16:28:42,312	INFO	ok	1.76	audio=downloaded	questions=1	transcript_len=0
2026-05-22 16:28:44,542	INFO	ok	1.77	audio=downloaded	questions=1	transcript_len=0
2026-05-22 16:28:46,686	INFO	ok	1.78	audio=downloaded	questions=1	transcript_len=0
2026-05-22 16:28:48,804	INFO	ok	1.79	audio=downloaded	questions=1	transcript_len=0
2026-05-22 16:28:51,147	INFO	ok	1.80	audio=downloaded	questions=1	transcript_len=0
2026-05-22 16:28:51,147	INFO	progress	80/346	ok=77 skip=3 err=0
2026-05-22 16:28:53,242	INFO	ok	1.81	audio=downloaded	questions=1	transcript_len=0
2026-05-22 16:28:55,351	INFO	ok	1.82	audio=downloaded	questions=1	transcript_len=0
2026-05-22 16:28:57,460	INFO	ok	1.83	audio=downloaded	questions=1	transcript_len=0
2026-05-22 16:28:59,721	INFO	ok	1.84	audio=downloaded	questions=1	transcript_len=0
2026-05-22 16:29:02,008	INFO	ok	1.85	audio=downloaded	questions=1	transcript_len=0
2026-05-22 16:29:04,169	INFO	ok	1.86	audio=downloaded	questions=1	transcript_len=0
2026-05-22 16:29:06,445	INFO	ok	1.87	audio=downloaded	questions=1	transcript_len=0
2026-05-22 16:29:08,755	INFO	ok	1.88	audio=downloaded	questions=1	transcript_len=0
2026-05-22 16:29:10,989	INFO	ok	1.89	audio=downloaded	questions=1	transcript_len=0
2026-05-22 16:29:13,220	INFO	ok	1.90	audio=downloaded	questions=1	transcript_len=0
2026-05-22 16:29:13,220	INFO	progress	90/346	ok=87 skip=3 err=0
2026-05-22 16:29:15,407	INFO	ok	1.91	audio=downloaded	questions=1	transcript_len=0
2026-05-22 16:29:17,702	INFO	ok	1.92	audio=downloaded	questions=1	transcript_len=0
2026-05-22 16:29:19,967	INFO	ok	1.93	audio=downloaded	questions=1	transcript_len=0
2026-05-22 16:29:22,105	INFO	ok	1.94	audio=downloaded	questions=1	transcript_len=0
2026-05-22 16:29:24,343	INFO	ok	1.95	audio=downloaded	questions=1	transcript_len=0
2026-05-22 16:29:26,519	INFO	ok	1.96	audio=downloaded	questions=1	transcript_len=0
2026-05-22 16:29:28,853	INFO	ok	1.97	audio=downloaded	questions=1	transcript_len=0
2026-05-22 16:29:31,100	INFO	ok	1.98	audio=downloaded	questions=1	transcript_len=0
2026-05-22 16:29:33,388	INFO	ok	1.99	audio=downloaded	questions=1	transcript_len=0
2026-05-22 16:29:35,666	INFO	ok	1.100	audio=downloaded	questions=1	transcript_len=0
2026-05-22 16:29:35,667	INFO	progress	100/346	ok=97 skip=3 err=0
2026-05-22 16:29:37,844	INFO	ok	1.101	audio=downloaded	questions=1	transcript_len=0
2026-05-22 16:29:40,092	INFO	ok	1.102	audio=downloaded	questions=1	transcript_len=0
2026-05-22 16:29:42,374	INFO	ok	1.103	audio=downloaded	questions=1	transcript_len=0
2026-05-22 16:30:03,934	INFO	ok	1.104	audio=downloaded	questions=1	transcript_len=0
2026-05-22 16:30:09,946	INFO	ok	1.105	audio=downloaded	questions=1	transcript_len=0
2026-05-22 16:30:12,222	INFO	ok	1.106	audio=downloaded	questions=1	transcript_len=0
2026-05-22 16:30:14,519	INFO	ok	1.107	audio=downloaded	questions=1	transcript_len=0
2026-05-22 16:30:16,795	INFO	ok	1.108	audio=downloaded	questions=1	transcript_len=0
2026-05-22 16:30:29,575	INFO	ok	1.109	audio=downloaded	questions=1	transcript_len=0
2026-05-22 16:30:31,897	INFO	ok	1.110	audio=downloaded	questions=1	transcript_len=0
2026-05-22 16:30:31,897	INFO	progress	110/346	ok=107 skip=3 err=0
2026-05-22 16:30:50,585	INFO	ok	1.111	audio=downloaded	questions=1	transcript_len=0
2026-05-22 16:31:05,646	INFO	ok	1.112	audio=downloaded	questions=1	transcript_len=0
2026-05-22 16:31:07,959	INFO	ok	1.113	audio=downloaded	questions=1	transcript_len=0
2026-05-22 16:31:10,291	INFO	ok	1.114	audio=downloaded	questions=1	transcript_len=0
2026-05-22 16:31:12,610	INFO	ok	1.115	audio=downloaded	questions=1	transcript_len=0
2026-05-22 16:31:14,839	INFO	ok	1.116	audio=downloaded	questions=1	transcript_len=0
2026-05-22 16:31:17,049	INFO	ok	1.117	audio=downloaded	questions=1	transcript_len=0
2026-05-22 16:31:19,274	INFO	ok	1.118	audio=downloaded	questions=1	transcript_len=0
2026-05-22 16:31:21,555	INFO	ok	1.119	audio=downloaded	questions=1	transcript_len=0
2026-05-22 16:31:23,734	INFO	ok	1.120	audio=downloaded	questions=1	transcript_len=0
2026-05-22 16:31:23,735	INFO	progress	120/346	ok=117 skip=3 err=0
2026-05-22 16:31:26,300	INFO	ok	1.121	audio=downloaded	questions=1	transcript_len=0
2026-05-22 16:31:28,543	INFO	ok	1.122	audio=downloaded	questions=1	transcript_len=0
2026-05-22 16:31:30,698	INFO	ok	1.123	audio=downloaded	questions=1	transcript_len=0
2026-05-22 16:31:32,881	INFO	ok	1.124	audio=downloaded	questions=1	transcript_len=0
2026-05-22 16:31:35,070	INFO	ok	1.125	audio=downloaded	questions=1	transcript_len=0
2026-05-22 16:31:37,291	INFO	ok	1.126	audio=downloaded	questions=1	transcript_len=0
2026-05-22 16:31:39,499	INFO	ok	1.127	audio=downloaded	questions=1	transcript_len=0
2026-05-22 16:31:41,844	INFO	ok	1.128	audio=downloaded	questions=1	transcript_len=0
2026-05-22 16:31:44,125	INFO	ok	1.129	audio=downloaded	questions=1	transcript_len=0
2026-05-22 16:31:46,416	INFO	ok	1.130	audio=downloaded	questions=1	transcript_len=0
2026-05-22 16:31:46,416	INFO	progress	130/346	ok=127 skip=3 err=0
2026-05-22 16:31:48,584	INFO	ok	1.131	audio=downloaded	questions=1	transcript_len=0
2026-05-22 16:31:50,706	INFO	ok	1.132	audio=downloaded	questions=1	transcript_len=0
2026-05-22 16:31:53,076	INFO	ok	1.133	audio=downloaded	questions=1	transcript_len=0
2026-05-22 16:31:55,269	INFO	ok	1.134	audio=downloaded	questions=1	transcript_len=0
2026-05-22 16:31:57,501	INFO	ok	1.135	audio=downloaded	questions=1	transcript_len=0
2026-05-22 16:31:59,680	INFO	ok	1.136	audio=downloaded	questions=1	transcript_len=0
2026-05-22 16:32:23,184	INFO	ok	1.137	audio=downloaded	questions=1	transcript_len=0
2026-05-22 16:32:47,774	INFO	ok	1.138	audio=downloaded	questions=1	transcript_len=0
2026-05-22 16:32:50,862	INFO	ok	1.139	audio=downloaded	questions=1	transcript_len=0
2026-05-22 16:32:57,558	INFO	ok	1.140	audio=downloaded	questions=1	transcript_len=0
2026-05-22 16:32:57,559	INFO	progress	140/346	ok=137 skip=3 err=0
2026-05-22 16:32:59,799	INFO	ok	1.141	audio=downloaded	questions=1	transcript_len=0
2026-05-22 16:33:02,238	INFO	ok	1.142	audio=downloaded	questions=1	transcript_len=0
2026-05-22 16:33:22,906	INFO	ok	1.143	audio=downloaded	questions=1	transcript_len=0
2026-05-22 16:33:28,300	INFO	ok	1.144	audio=downloaded	questions=1	transcript_len=0
2026-05-22 16:33:30,546	INFO	ok	1.145	audio=downloaded	questions=1	transcript_len=0
2026-05-22 16:33:33,264	INFO	ok	1.146	audio=downloaded	questions=1	transcript_len=0
2026-05-22 16:33:35,382	INFO	ok	1.147	audio=downloaded	questions=1	transcript_len=0
2026-05-22 16:33:37,591	INFO	ok	2.1	audio=downloaded	questions=1	transcript_len=0
2026-05-22 16:33:48,881	INFO	ok	2.2	audio=downloaded	questions=1	transcript_len=0
2026-05-22 16:33:51,111	INFO	ok	2.3	audio=downloaded	questions=1	transcript_len=0
2026-05-22 16:33:51,112	INFO	progress	150/346	ok=147 skip=3 err=0
2026-05-22 16:33:53,465	INFO	ok	2.4	audio=downloaded	questions=1	transcript_len=0
2026-05-22 16:33:55,673	INFO	ok	2.5	audio=downloaded	questions=1	transcript_len=0
2026-05-22 16:33:57,973	INFO	ok	2.6	audio=downloaded	questions=1	transcript_len=0
2026-05-22 16:34:00,227	INFO	ok	2.7	audio=downloaded	questions=1	transcript_len=0
2026-05-22 16:34:02,447	INFO	ok	2.8	audio=downloaded	questions=1	transcript_len=0
2026-05-22 16:34:04,639	INFO	ok	2.9	audio=downloaded	questions=1	transcript_len=0
2026-05-22 16:34:07,018	INFO	ok	2.10	audio=downloaded	questions=1	transcript_len=0
2026-05-22 16:34:09,204	INFO	ok	2.11	audio=downloaded	questions=1	transcript_len=0
2026-05-22 16:34:11,401	INFO	ok	2.12	audio=downloaded	questions=1	transcript_len=0
2026-05-22 16:34:14,039	INFO	ok	2.13	audio=downloaded	questions=1	transcript_len=0
2026-05-22 16:34:14,040	INFO	progress	160/346	ok=157 skip=3 err=0
2026-05-22 16:34:26,287	INFO	ok	2.14	audio=downloaded	questions=1	transcript_len=0
2026-05-22 16:34:44,100	INFO	ok	2.15	audio=downloaded	questions=1	transcript_len=0
2026-05-22 16:34:46,531	INFO	ok	2.16	audio=downloaded	questions=1	transcript_len=0
2026-05-22 16:34:48,768	INFO	ok	2.17	audio=downloaded	questions=1	transcript_len=0
2026-05-22 16:34:50,997	INFO	ok	2.18	audio=downloaded	questions=1	transcript_len=0
2026-05-22 16:34:53,114	INFO	ok	2.19	audio=downloaded	questions=1	transcript_len=0
2026-05-22 16:34:55,277	INFO	ok	2.20	audio=downloaded	questions=1	transcript_len=0
2026-05-22 16:34:57,489	INFO	ok	2.21	audio=downloaded	questions=1	transcript_len=0
2026-05-22 16:34:59,681	INFO	ok	2.22	audio=downloaded	questions=1	transcript_len=0
2026-05-22 16:35:02,148	INFO	ok	2.23	audio=downloaded	questions=1	transcript_len=0
2026-05-22 16:35:02,148	INFO	progress	170/346	ok=167 skip=3 err=0
2026-05-22 16:35:04,419	INFO	ok	2.24	audio=downloaded	questions=1	transcript_len=0
2026-05-22 16:35:07,588	INFO	ok	2.25	audio=downloaded	questions=1	transcript_len=0
2026-05-22 16:35:09,853	INFO	ok	2.26	audio=downloaded	questions=1	transcript_len=0
2026-05-22 16:35:12,157	INFO	ok	2.27	audio=downloaded	questions=1	transcript_len=0
2026-05-22 16:35:14,310	INFO	ok	2.28	audio=downloaded	questions=1	transcript_len=0
2026-05-22 16:35:16,516	INFO	ok	2.29	audio=downloaded	questions=1	transcript_len=0
2026-05-22 16:35:18,697	INFO	ok	2.30	audio=downloaded	questions=1	transcript_len=0
2026-05-22 16:35:20,825	INFO	ok	2.31	audio=downloaded	questions=1	transcript_len=0
2026-05-22 16:35:22,954	INFO	ok	2.32	audio=downloaded	questions=1	transcript_len=0
2026-05-22 16:35:25,108	INFO	ok	2.33	audio=downloaded	questions=1	transcript_len=0
2026-05-22 16:35:25,109	INFO	progress	180/346	ok=177 skip=3 err=0
2026-05-22 16:35:27,244	INFO	ok	2.34	audio=downloaded	questions=1	transcript_len=0
2026-05-22 16:35:29,301	INFO	ok	2.35	audio=downloaded	questions=1	transcript_len=0
2026-05-22 16:35:31,455	INFO	ok	2.36	audio=downloaded	questions=1	transcript_len=0
2026-05-22 16:35:33,618	INFO	ok	2.37	audio=downloaded	questions=1	transcript_len=0
2026-05-22 16:35:35,757	INFO	ok	2.38	audio=downloaded	questions=1	transcript_len=0
2026-05-22 16:35:37,992	INFO	ok	2.39	audio=downloaded	questions=1	transcript_len=0
2026-05-22 16:35:40,194	INFO	ok	2.40	audio=downloaded	questions=1	transcript_len=0
2026-05-22 16:35:43,528	INFO	ok	2.41	audio=downloaded	questions=1	transcript_len=0
2026-05-22 16:35:45,690	INFO	ok	2.42	audio=downloaded	questions=1	transcript_len=0
2026-05-22 16:35:47,880	INFO	ok	2.43	audio=downloaded	questions=1	transcript_len=0
2026-05-22 16:35:47,881	INFO	progress	190/346	ok=187 skip=3 err=0
2026-05-22 16:35:50,069	INFO	ok	2.44	audio=downloaded	questions=1	transcript_len=0
2026-05-22 16:35:52,646	INFO	ok	2.45	audio=downloaded	questions=1	transcript_len=0
2026-05-22 16:35:54,878	INFO	ok	2.46	audio=downloaded	questions=1	transcript_len=0
2026-05-22 16:35:57,226	INFO	ok	2.47	audio=downloaded	questions=1	transcript_len=0
2026-05-22 16:35:59,602	INFO	ok	2.48	audio=downloaded	questions=1	transcript_len=0
2026-05-22 16:36:01,832	INFO	ok	2.49	audio=downloaded	questions=1	transcript_len=0
2026-05-22 16:36:04,088	INFO	ok	2.50	audio=downloaded	questions=1	transcript_len=0
2026-05-22 16:36:06,317	INFO	ok	2.51	audio=downloaded	questions=1	transcript_len=0
2026-05-22 16:36:08,584	INFO	ok	2.52	audio=downloaded	questions=1	transcript_len=0
2026-05-22 16:36:10,906	INFO	ok	2.53	audio=downloaded	questions=1	transcript_len=0
2026-05-22 16:36:10,907	INFO	progress	200/346	ok=197 skip=3 err=0
2026-05-22 16:36:13,136	INFO	ok	2.54	audio=downloaded	questions=1	transcript_len=0
2026-05-22 16:36:16,326	INFO	ok	2.55	audio=downloaded	questions=1	transcript_len=0
2026-05-22 16:36:18,683	INFO	ok	2.56	audio=downloaded	questions=1	transcript_len=0
2026-05-22 16:36:20,910	INFO	ok	2.57	audio=downloaded	questions=1	transcript_len=0
2026-05-22 16:36:23,149	INFO	ok	2.58	audio=downloaded	questions=1	transcript_len=0
2026-05-22 16:36:25,358	INFO	ok	2.59	audio=downloaded	questions=1	transcript_len=0
2026-05-22 16:36:27,619	INFO	ok	2.60	audio=downloaded	questions=1	transcript_len=0
2026-05-22 16:36:29,798	INFO	ok	2.61	audio=downloaded	questions=1	transcript_len=0
2026-05-22 16:36:32,001	INFO	ok	2.62	audio=downloaded	questions=1	transcript_len=0
2026-05-22 16:36:34,165	INFO	ok	2.63	audio=downloaded	questions=1	transcript_len=0
2026-05-22 16:36:34,165	INFO	progress	210/346	ok=207 skip=3 err=0
2026-05-22 16:36:36,564	INFO	ok	2.64	audio=downloaded	questions=1	transcript_len=0
2026-05-22 16:36:38,737	INFO	ok	2.65	audio=downloaded	questions=1	transcript_len=0
2026-05-22 16:36:40,997	INFO	ok	2.66	audio=downloaded	questions=1	transcript_len=0
2026-05-22 16:36:43,311	INFO	ok	2.67	audio=downloaded	questions=1	transcript_len=0
2026-05-22 16:36:45,580	INFO	ok	2.68	audio=downloaded	questions=1	transcript_len=0
2026-05-22 16:36:47,770	INFO	ok	2.69	audio=downloaded	questions=1	transcript_len=0
2026-05-22 16:36:50,028	INFO	ok	2.70	audio=downloaded	questions=1	transcript_len=0
2026-05-22 16:36:52,144	INFO	ok	2.71	audio=downloaded	questions=1	transcript_len=0
2026-05-22 16:36:54,397	INFO	ok	2.72	audio=downloaded	questions=1	transcript_len=0
2026-05-22 16:36:56,685	INFO	ok	2.73	audio=downloaded	questions=1	transcript_len=0
2026-05-22 16:36:56,685	INFO	progress	220/346	ok=217 skip=3 err=0
2026-05-22 16:36:58,910	INFO	ok	2.74	audio=downloaded	questions=1	transcript_len=0
2026-05-22 16:37:01,137	INFO	ok	2.75	audio=downloaded	questions=1	transcript_len=0
2026-05-22 16:37:03,343	INFO	ok	2.76	audio=downloaded	questions=1	transcript_len=0
2026-05-22 16:37:05,669	INFO	ok	2.77	audio=downloaded	questions=1	transcript_len=0
2026-05-22 16:37:07,936	INFO	ok	2.78	audio=downloaded	questions=1	transcript_len=0
2026-05-22 16:37:10,035	INFO	ok	2.79	audio=downloaded	questions=1	transcript_len=0
2026-05-22 16:37:12,461	INFO	ok	2.80	audio=downloaded	questions=1	transcript_len=0
2026-05-22 16:37:14,718	INFO	ok	2.81	audio=downloaded	questions=1	transcript_len=0
2026-05-22 16:37:17,006	INFO	ok	2.82	audio=downloaded	questions=1	transcript_len=0
2026-05-22 16:37:19,232	INFO	ok	2.83	audio=downloaded	questions=1	transcript_len=0
2026-05-22 16:37:19,233	INFO	progress	230/346	ok=227 skip=3 err=0
2026-05-22 16:37:21,561	INFO	ok	2.84	audio=downloaded	questions=1	transcript_len=0
2026-05-22 16:37:23,760	INFO	ok	2.85	audio=downloaded	questions=1	transcript_len=0
2026-05-22 16:37:26,145	INFO	ok	2.86	audio=downloaded	questions=1	transcript_len=0
2026-05-22 16:37:39,308	INFO	ok	2.87	audio=downloaded	questions=1	transcript_len=0
2026-05-22 16:37:56,329	INFO	ok	2.88	audio=downloaded	questions=1	transcript_len=0
2026-05-22 16:37:58,498	INFO	ok	2.89	audio=downloaded	questions=1	transcript_len=0
2026-05-22 16:38:03,686	INFO	ok	2.90	audio=downloaded	questions=1	transcript_len=0
2026-05-22 16:38:06,771	INFO	ok	2.91	audio=downloaded	questions=1	transcript_len=0
2026-05-22 16:38:08,996	INFO	ok	2.92	audio=downloaded	questions=1	transcript_len=0
2026-05-22 16:38:11,251	INFO	ok	2.93	audio=downloaded	questions=1	transcript_len=0
2026-05-22 16:38:11,253	INFO	progress	240/346	ok=237 skip=3 err=0
2026-05-22 16:38:13,417	INFO	ok	2.94	audio=downloaded	questions=1	transcript_len=0
2026-05-22 16:38:15,767	INFO	ok	2.95	audio=downloaded	questions=1	transcript_len=0
2026-05-22 16:38:17,858	INFO	ok	2.96	audio=downloaded	questions=1	transcript_len=0
2026-05-22 16:38:31,006	INFO	ok	2.97	audio=downloaded	questions=1	transcript_len=0
2026-05-22 16:38:33,157	INFO	ok	2.98	audio=downloaded	questions=1	transcript_len=0
2026-05-22 16:38:35,310	INFO	ok	2.99	audio=downloaded	questions=1	transcript_len=0
2026-05-22 16:38:37,514	INFO	ok	2.100	audio=downloaded	questions=1	transcript_len=0
2026-05-22 16:38:40,393	INFO	ok	2.101	audio=downloaded	questions=1	transcript_len=0
2026-05-22 16:38:43,669	INFO	ok	2.102	audio=downloaded	questions=1	transcript_len=0
2026-05-22 16:38:46,607	INFO	ok	2.103	audio=downloaded	questions=1	transcript_len=0
2026-05-22 16:38:46,607	INFO	progress	250/346	ok=247 skip=3 err=0
2026-05-22 16:38:59,963	INFO	ok	2.104	audio=downloaded	questions=1	transcript_len=0
2026-05-22 16:39:02,529	INFO	ok	2.105	audio=downloaded	questions=1	transcript_len=0
2026-05-22 16:39:24,653	INFO	ok	2.106	audio=downloaded	questions=1	transcript_len=0
2026-05-22 16:39:35,701	INFO	ok	2.107	audio=downloaded	questions=1	transcript_len=0
2026-05-22 16:39:37,882	INFO	ok	2.108	audio=downloaded	questions=1	transcript_len=0
2026-05-22 16:40:00,084	INFO	ok	2.109	audio=downloaded	questions=1	transcript_len=0
2026-05-22 16:40:10,391	INFO	ok	2.110	audio=downloaded	questions=1	transcript_len=0
2026-05-22 16:40:12,564	INFO	ok	2.111	audio=downloaded	questions=1	transcript_len=0
2026-05-22 16:40:14,772	INFO	ok	2.112	audio=downloaded	questions=1	transcript_len=0
2026-05-22 16:40:17,185	INFO	ok	2.113	audio=downloaded	questions=1	transcript_len=0
2026-05-22 16:40:17,186	INFO	progress	260/346	ok=257 skip=3 err=0
2026-05-22 16:40:19,533	INFO	ok	2.114	audio=downloaded	questions=1	transcript_len=0
2026-05-22 16:40:21,819	INFO	ok	2.115	audio=downloaded	questions=1	transcript_len=0
2026-05-22 16:40:24,091	INFO	ok	2.116	audio=downloaded	questions=1	transcript_len=0
2026-05-22 16:40:26,285	INFO	ok	2.117	audio=downloaded	questions=1	transcript_len=0
2026-05-22 16:40:28,401	INFO	ok	2.118	audio=downloaded	questions=1	transcript_len=0
2026-05-22 16:40:31,561	INFO	ok	2.119	audio=downloaded	questions=1	transcript_len=0
2026-05-22 16:40:33,733	INFO	ok	2.120	audio=downloaded	questions=1	transcript_len=0
2026-05-22 16:40:37,082	INFO	ok	2.121	audio=downloaded	questions=1	transcript_len=0
2026-05-22 16:40:39,362	INFO	ok	2.122	audio=downloaded	questions=1	transcript_len=0
2026-05-22 16:40:41,587	INFO	ok	2.123	audio=downloaded	questions=1	transcript_len=0
2026-05-22 16:40:41,588	INFO	progress	270/346	ok=267 skip=3 err=0
2026-05-22 16:40:43,733	INFO	ok	2.124	audio=downloaded	questions=1	transcript_len=0
2026-05-22 16:40:45,964	INFO	ok	2.125	audio=downloaded	questions=1	transcript_len=0
2026-05-22 16:40:48,130	INFO	ok	2.126	audio=downloaded	questions=1	transcript_len=0
2026-05-22 16:40:50,334	INFO	ok	2.127	audio=downloaded	questions=1	transcript_len=0
2026-05-22 16:40:52,643	INFO	ok	2.128	audio=downloaded	questions=1	transcript_len=0
2026-05-22 16:40:54,900	INFO	ok	2.129	audio=downloaded	questions=1	transcript_len=0
2026-05-22 16:40:57,117	INFO	ok	2.130	audio=downloaded	questions=1	transcript_len=0
2026-05-22 16:40:59,457	INFO	ok	2.131	audio=downloaded	questions=1	transcript_len=0
2026-05-22 16:41:20,453	INFO	ok	2.132	audio=downloaded	questions=1	transcript_len=0
2026-05-22 16:41:26,617	INFO	ok	2.133	audio=downloaded	questions=1	transcript_len=0
2026-05-22 16:41:26,617	INFO	progress	280/346	ok=277 skip=3 err=0
2026-05-22 16:41:28,751	INFO	ok	2.134	audio=downloaded	questions=1	transcript_len=0
2026-05-22 16:41:50,932	INFO	ok	2.135	audio=downloaded	questions=1	transcript_len=0
2026-05-22 16:41:55,700	INFO	ok	2.136	audio=downloaded	questions=1	transcript_len=0
2026-05-22 16:42:16,221	INFO	ok	2.137	audio=downloaded	questions=1	transcript_len=0
2026-05-22 16:42:32,410	INFO	ok	3.1	audio=downloaded	questions=2	transcript_len=0
2026-05-22 16:42:52,511	INFO	ok	3.2	audio=downloaded	questions=2	transcript_len=0
2026-05-22 16:42:54,758	INFO	ok	3.3	audio=downloaded	questions=2	transcript_len=0
2026-05-22 16:43:00,196	INFO	ok	3.4	audio=downloaded	questions=2	transcript_len=0
2026-05-22 16:43:24,522	INFO	ok	3.5	audio=downloaded	questions=2	transcript_len=0
2026-05-22 16:43:26,781	INFO	ok	3.6	audio=downloaded	questions=2	transcript_len=0
2026-05-22 16:43:26,782	INFO	progress	290/346	ok=287 skip=3 err=0
2026-05-22 16:43:44,633	INFO	ok	3.7	audio=downloaded	questions=2	transcript_len=0
2026-05-22 16:44:09,342	INFO	ok	3.8	audio=downloaded	questions=2	transcript_len=0
2026-05-22 16:44:36,677	INFO	ok	3.9	audio=downloaded	questions=2	transcript_len=0
2026-05-22 16:44:38,893	INFO	ok	3.10	audio=downloaded	questions=2	transcript_len=0
2026-05-22 16:44:41,093	INFO	ok	3.11	audio=downloaded	questions=2	transcript_len=0
2026-05-22 16:44:43,363	INFO	ok	3.12	audio=downloaded	questions=2	transcript_len=0
2026-05-22 16:44:45,655	INFO	ok	3.13	audio=downloaded	questions=2	transcript_len=0
2026-05-22 16:44:47,826	INFO	ok	3.14	audio=downloaded	questions=2	transcript_len=0
2026-05-22 16:44:50,258	INFO	ok	3.15	audio=downloaded	questions=2	transcript_len=0
2026-05-22 16:44:52,538	INFO	ok	3.16	audio=downloaded	questions=2	transcript_len=0
2026-05-22 16:44:52,539	INFO	progress	300/346	ok=297 skip=3 err=0
2026-05-22 16:44:54,761	INFO	ok	3.17	audio=downloaded	questions=2	transcript_len=0
2026-05-22 16:44:57,141	INFO	ok	3.18	audio=downloaded	questions=2	transcript_len=0
2026-05-22 16:44:59,309	INFO	ok	3.19	audio=downloaded	questions=2	transcript_len=0
2026-05-22 16:45:01,682	INFO	ok	3.20	audio=downloaded	questions=2	transcript_len=0
2026-05-22 16:45:05,136	INFO	ok	3.21	audio=downloaded	questions=2	transcript_len=0
2026-05-22 16:45:08,350	INFO	ok	3.22	audio=downloaded	questions=2	transcript_len=0
2026-05-22 16:45:20,858	INFO	ok	3.23	audio=downloaded	questions=2	transcript_len=0
2026-05-22 16:45:34,366	INFO	ok	3.24	audio=downloaded	questions=2	transcript_len=0
2026-05-22 16:45:37,011	INFO	ok	3.25	audio=downloaded	questions=2	transcript_len=0
2026-05-22 16:45:39,352	INFO	ok	3.26	audio=downloaded	questions=2	transcript_len=0
2026-05-22 16:45:39,352	INFO	progress	310/346	ok=307 skip=3 err=0
2026-05-22 16:46:07,455	INFO	ok	3.27	audio=downloaded	questions=2	transcript_len=0
2026-05-22 16:47:08,986	INFO	ok	3.28	audio=downloaded	questions=2	transcript_len=0
2026-05-22 16:47:23,192	INFO	ok	3.29	audio=downloaded	questions=2	transcript_len=0
2026-05-22 16:47:47,112	INFO	ok	3.30	audio=downloaded	questions=2	transcript_len=0
2026-05-22 16:47:54,833	INFO	ok	3.31	audio=downloaded	questions=2	transcript_len=0
2026-05-22 16:47:57,309	INFO	ok	4.1	audio=downloaded	questions=3	transcript_len=0
2026-05-22 16:47:59,645	INFO	ok	4.2	audio=downloaded	questions=3	transcript_len=0
2026-05-22 16:48:02,047	INFO	ok	4.3	audio=downloaded	questions=3	transcript_len=0
2026-05-22 16:48:04,584	INFO	ok	4.4	audio=downloaded	questions=3	transcript_len=0
2026-05-22 16:48:31,767	INFO	ok	4.5	audio=downloaded	questions=3	transcript_len=0
2026-05-22 16:48:31,767	INFO	progress	320/346	ok=317 skip=3 err=0
2026-05-22 16:48:41,846	INFO	ok	4.6	audio=downloaded	questions=3	transcript_len=0
2026-05-22 16:48:44,010	INFO	ok	4.7	audio=downloaded	questions=3	transcript_len=0
2026-05-22 16:48:46,600	INFO	ok	4.8	audio=downloaded	questions=3	transcript_len=0
2026-05-22 16:48:49,135	INFO	ok	4.9	audio=downloaded	questions=3	transcript_len=0
2026-05-22 16:49:05,414	INFO	ok	4.10	audio=downloaded	questions=3	transcript_len=0
2026-05-22 16:49:07,700	INFO	ok	4.11	audio=downloaded	questions=3	transcript_len=0
2026-05-22 16:49:21,242	INFO	ok	4.12	audio=downloaded	questions=3	transcript_len=0
2026-05-22 16:49:23,641	INFO	ok	4.13	audio=downloaded	questions=3	transcript_len=0
2026-05-22 16:49:25,978	INFO	ok	4.14	audio=downloaded	questions=3	transcript_len=0
2026-05-22 16:49:28,245	INFO	ok	4.15	audio=downloaded	questions=3	transcript_len=0
2026-05-22 16:49:28,245	INFO	progress	330/346	ok=327 skip=3 err=0
2026-05-22 16:49:30,617	INFO	ok	4.16	audio=downloaded	questions=3	transcript_len=0
2026-05-22 16:49:44,481	INFO	ok	4.17	audio=downloaded	questions=3	transcript_len=0
2026-05-22 16:49:54,144	INFO	ok	4.18	audio=downloaded	questions=3	transcript_len=0
2026-05-22 16:50:11,149	INFO	ok	4.19	audio=downloaded	questions=3	transcript_len=0
2026-05-22 16:50:15,274	INFO	ok	4.20	audio=downloaded	questions=3	transcript_len=0
2026-05-22 16:50:17,527	INFO	ok	4.21	audio=downloaded	questions=3	transcript_len=0
2026-05-22 16:50:20,484	INFO	ok	4.22	audio=downloaded	questions=3	transcript_len=0
2026-05-22 16:50:23,022	INFO	ok	4.23	audio=downloaded	questions=3	transcript_len=0
2026-05-22 16:50:35,761	INFO	ok	4.24	audio=downloaded	questions=3	transcript_len=0
2026-05-22 16:50:38,042	INFO	ok	4.25	audio=downloaded	questions=3	transcript_len=0
2026-05-22 16:50:38,042	INFO	progress	340/346	ok=337 skip=3 err=0
2026-05-22 16:50:40,372	INFO	ok	4.26	audio=downloaded	questions=3	transcript_len=0
2026-05-22 16:50:42,755	INFO	ok	4.27	audio=downloaded	questions=3	transcript_len=0
2026-05-22 16:50:45,162	INFO	ok	4.28	audio=downloaded	questions=3	transcript_len=0
2026-05-22 16:50:47,396	INFO	ok	4.29	audio=downloaded	questions=3	transcript_len=0
2026-05-22 16:50:49,728	INFO	ok	4.30	audio=downloaded	questions=3	transcript_len=0
2026-05-22 16:50:52,421	INFO	ok	4.31	audio=downloaded	questions=3	transcript_len=0
2026-05-22 16:53:17,225	INFO	start	count=1	mode=all
2026-05-22 16:53:17,244	INFO	skip	1.1	(already exists)
