2026-05-22 20:22:56,757	INFO	start	count=5	mode=test
2026-05-22 20:23:16,675	INFO	ok	1.1	text_len=2016	questions=5
2026-05-22 20:23:24,476	INFO	ok	2.1	text_len=2323	questions=5
2026-05-22 20:23:44,094	INFO	ok	3.1	text_len=1175	questions=2
2026-05-22 20:23:54,384	INFO	ok	4.1	text_len=1020	questions=3
2026-05-22 20:23:57,417	INFO	ok	5.1	text_len=3416	questions=0
2026-05-22 20:28:00,207	INFO	start	count=5	mode=test
2026-05-22 20:28:11,057	INFO	ok	1.1	text_len=2016	questions=5
2026-05-22 20:28:13,103	INFO	ok	2.1	text_len=2323	questions=5
2026-05-22 20:28:15,150	INFO	ok	3.1	text_len=1175	questions=2
2026-05-22 20:28:17,149	INFO	ok	4.1	text_len=1020	questions=3
2026-05-22 20:28:19,103	INFO	ok	5.1	text_len=3288	questions=6
2026-05-22 20:28:59,871	INFO	start	count=192	mode=all
2026-05-22 20:28:59,887	INFO	skip	1.1	(already exists)
2026-05-22 20:29:12,272	INFO	ok	1.2	text_len=1015	questions=5
2026-05-22 20:29:14,358	INFO	ok	1.3	text_len=1756	questions=5
2026-05-22 20:29:16,574	INFO	ok	1.4	text_len=747	questions=5
2026-05-22 20:29:18,660	INFO	ok	1.5	text_len=1027	questions=5
2026-05-22 20:29:20,986	INFO	ok	1.6	text_len=838	questions=5
2026-05-22 20:29:22,991	INFO	ok	1.7	text_len=767	questions=5
2026-05-22 20:29:25,872	INFO	ok	1.8	text_len=793	questions=5
2026-05-22 20:29:39,129	INFO	ok	1.9	text_len=1077	questions=5
2026-05-22 20:29:46,265	INFO	ok	1.10	text_len=837	questions=5
2026-05-22 20:29:58,500	INFO	ok	1.11	text_len=1451	questions=5
2026-05-22 20:30:00,707	INFO	ok	1.12	text_len=1108	questions=5
2026-05-22 20:30:03,025	INFO	ok	1.13	text_len=1139	questions=5
2026-05-22 20:30:05,174	INFO	ok	1.14	text_len=843	questions=5
2026-05-22 20:30:07,238	INFO	ok	1.15	text_len=749	questions=5
2026-05-22 20:30:09,309	INFO	ok	1.16	text_len=916	questions=5
2026-05-22 20:30:11,541	INFO	ok	1.17	text_len=944	questions=5
2026-05-22 20:30:33,878	INFO	ok	1.18	text_len=1773	questions=5
2026-05-22 20:30:55,246	INFO	ok	1.19	text_len=783	questions=5
2026-05-22 20:30:57,477	INFO	ok	1.20	text_len=1052	questions=5
2026-05-22 20:30:57,477	INFO	progress	20/192	ok=19 skip=1 err=0
2026-05-22 20:31:09,729	INFO	ok	1.21	text_len=1020	questions=5
2026-05-22 20:31:11,787	INFO	ok	1.22	text_len=510	questions=5
2026-05-22 20:31:13,840	INFO	ok	1.23	text_len=825	questions=5
2026-05-22 20:31:15,945	INFO	ok	1.24	text_len=653	questions=5
2026-05-22 20:31:18,019	INFO	ok	1.25	text_len=1097	questions=5
2026-05-22 20:31:20,166	INFO	ok	1.26	text_len=2025	questions=5
2026-05-22 20:31:22,229	INFO	ok	1.27	text_len=1536	questions=5
2026-05-22 20:31:24,354	INFO	ok	1.28	text_len=2148	questions=5
2026-05-22 20:31:31,541	INFO	ok	1.29	text_len=1666	questions=5
2026-05-22 20:31:40,591	INFO	ok	1.30	text_len=1024	questions=5
2026-05-22 20:31:42,103	INFO	skip	2.1	(already exists)
2026-05-22 20:31:44,263	INFO	ok	2.2	text_len=2112	questions=5
2026-05-22 20:31:46,353	INFO	ok	2.3	text_len=1665	questions=5
2026-05-22 20:31:48,436	INFO	ok	2.4	text_len=1999	questions=5
2026-05-22 20:32:09,941	INFO	ok	2.5	text_len=2082	questions=5
2026-05-22 20:32:36,673	INFO	ok	2.6	text_len=2225	questions=5
2026-05-22 20:32:38,842	INFO	ok	2.7	text_len=2021	questions=5
2026-05-22 20:32:42,673	INFO	ok	2.8	text_len=2999	questions=5
2026-05-22 20:32:57,643	INFO	ok	2.9	text_len=2129	questions=5
2026-05-22 20:33:08,274	INFO	ok	2.10	text_len=2034	questions=5
2026-05-22 20:33:08,274	INFO	progress	40/192	ok=38 skip=2 err=0
2026-05-22 20:33:10,322	INFO	ok	2.11	text_len=2950	questions=5
2026-05-22 20:33:12,746	INFO	ok	2.12	text_len=2687	questions=5
2026-05-22 20:33:14,862	INFO	ok	2.13	text_len=3374	questions=5
2026-05-22 20:33:16,925	INFO	ok	2.14	text_len=1782	questions=5
2026-05-22 20:33:19,147	INFO	ok	2.15	text_len=1675	questions=5
2026-05-22 20:33:21,261	INFO	ok	2.16	text_len=1670	questions=5
2026-05-22 20:33:23,321	INFO	ok	2.17	text_len=1395	questions=5
2026-05-22 20:33:25,369	INFO	ok	2.18	text_len=1283	questions=5
2026-05-22 20:33:27,399	INFO	ok	2.19	text_len=1735	questions=5
2026-05-22 20:33:29,522	INFO	ok	2.20	text_len=1281	questions=5
2026-05-22 20:33:31,642	INFO	ok	2.21	text_len=1631	questions=5
2026-05-22 20:33:33,731	INFO	ok	2.22	text_len=1678	questions=5
2026-05-22 20:33:36,105	INFO	ok	2.23	text_len=2040	questions=5
2026-05-22 20:33:38,161	INFO	ok	2.24	text_len=1681	questions=5
2026-05-22 20:33:41,180	INFO	ok	2.25	text_len=1454	questions=5
2026-05-22 20:33:43,292	INFO	ok	2.26	text_len=1044	questions=5
2026-05-22 20:34:05,502	INFO	ok	2.27	text_len=1329	questions=5
2026-05-22 20:34:07,756	INFO	ok	2.28	text_len=1269	questions=5
2026-05-22 20:34:25,519	INFO	ok	2.29	text_len=1151	questions=5
2026-05-22 20:34:31,069	INFO	ok	2.30	text_len=1049	questions=5
2026-05-22 20:34:31,069	INFO	progress	60/192	ok=58 skip=2 err=0
2026-05-22 20:34:32,583	INFO	skip	3.1	(already exists)
2026-05-22 20:34:34,630	INFO	ok	3.2	text_len=689	questions=2
2026-05-22 20:34:36,674	INFO	ok	3.3	text_len=833	questions=2
2026-05-22 20:34:38,723	INFO	ok	3.4	text_len=821	questions=2
2026-05-22 20:34:40,811	INFO	ok	3.5	text_len=803	questions=2
2026-05-22 20:34:42,940	INFO	ok	3.6	text_len=632	questions=2
2026-05-22 20:34:45,054	INFO	ok	3.7	text_len=748	questions=2
2026-05-22 20:34:47,132	INFO	ok	3.8	text_len=676	questions=2
2026-05-22 20:34:49,220	INFO	ok	3.9	text_len=849	questions=2
2026-05-22 20:34:51,259	INFO	ok	3.10	text_len=684	questions=2
2026-05-22 20:34:53,278	INFO	ok	3.11	text_len=664	questions=2
2026-05-22 20:34:55,307	INFO	ok	3.12	text_len=944	questions=2
2026-05-22 20:34:57,346	INFO	ok	3.13	text_len=875	questions=2
2026-05-22 20:34:59,513	INFO	ok	3.14	text_len=789	questions=2
2026-05-22 20:35:01,640	INFO	ok	3.15	text_len=798	questions=2
2026-05-22 20:35:03,820	INFO	ok	3.16	text_len=586	questions=2
2026-05-22 20:35:26,804	INFO	ok	3.17	text_len=825	questions=2
2026-05-22 20:35:41,823	INFO	ok	3.18	text_len=743	questions=2
2026-05-22 20:35:57,861	INFO	ok	3.19	text_len=766	questions=2
2026-05-22 20:36:05,192	INFO	ok	3.20	text_len=958	questions=2
2026-05-22 20:36:05,193	INFO	progress	80/192	ok=77 skip=3 err=0
2026-05-22 20:36:49,393	INFO	ok	3.21	text_len=802	questions=2
2026-05-22 20:36:59,956	INFO	ok	3.22	text_len=871	questions=2
2026-05-22 20:37:01,957	INFO	ok	3.23	text_len=810	questions=2
2026-05-22 20:37:04,101	INFO	ok	3.24	text_len=714	questions=2
2026-05-22 20:37:25,517	INFO	ok	3.25	text_len=905	questions=2
2026-05-22 20:37:48,181	INFO	ok	3.26	text_len=766	questions=2
2026-05-22 20:37:50,263	INFO	ok	3.27	text_len=691	questions=2
2026-05-22 20:38:10,384	INFO	ok	3.28	text_len=658	questions=2
2026-05-22 20:38:20,465	INFO	ok	3.29	text_len=620	questions=2
2026-05-22 20:39:03,088	INFO	ok	3.30	text_len=698	questions=2
2026-05-22 20:39:20,071	INFO	ok	3.31	text_len=616	questions=2
2026-05-22 20:39:41,165	INFO	ok	3.32	text_len=982	questions=2
2026-05-22 20:39:48,388	INFO	ok	3.33	text_len=842	questions=2
2026-05-22 20:39:50,534	INFO	ok	3.34	text_len=854	questions=2
2026-05-22 20:40:01,557	INFO	ok	3.35	text_len=716	questions=2
2026-05-22 20:40:03,725	INFO	ok	3.36	text_len=764	questions=2
2026-05-22 20:40:25,842	INFO	ok	3.37	text_len=701	questions=2
2026-05-22 20:40:27,932	INFO	ok	3.38	text_len=802	questions=2
2026-05-22 20:40:29,996	INFO	ok	3.39	text_len=798	questions=2
2026-05-22 20:40:37,069	INFO	ok	3.40	text_len=890	questions=2
2026-05-22 20:40:37,069	INFO	progress	100/192	ok=97 skip=3 err=0
2026-05-22 20:40:39,136	INFO	ok	3.41	text_len=814	questions=2
2026-05-22 20:41:05,961	INFO	ok	3.42	text_len=930	questions=2
2026-05-22 20:41:17,979	INFO	ok	3.43	text_len=748	questions=2
2026-05-22 20:41:20,168	INFO	ok	3.44	text_len=787	questions=2
2026-05-22 20:41:31,664	INFO	ok	3.45	text_len=726	questions=2
2026-05-22 20:41:49,724	INFO	ok	3.46	text_len=906	questions=2
2026-05-22 20:41:54,248	INFO	ok	3.47	text_len=788	questions=2
2026-05-22 20:42:15,561	INFO	ok	3.48	text_len=659	questions=2
2026-05-22 20:42:17,598	INFO	ok	3.49	text_len=476	questions=2
2026-05-22 20:42:19,805	INFO	ok	3.50	text_len=707	questions=2
2026-05-22 20:42:32,977	INFO	ok	3.51	text_len=745	questions=2
2026-05-22 20:42:35,055	INFO	ok	3.52	text_len=720	questions=2
2026-05-22 20:42:53,628	INFO	ok	3.53	text_len=624	questions=2
2026-05-22 20:43:00,779	INFO	ok	3.54	text_len=778	questions=2
2026-05-22 20:43:02,894	INFO	ok	3.55	text_len=848	questions=2
2026-05-22 20:43:05,183	INFO	ok	3.56	text_len=632	questions=2
2026-05-22 20:43:07,390	INFO	ok	3.57	text_len=745	questions=2
2026-05-22 20:43:25,388	INFO	ok	3.58	text_len=804	questions=2
2026-05-22 20:43:34,008	INFO	ok	3.59	text_len=695	questions=2
2026-05-22 20:43:36,548	INFO	ok	3.60	text_len=768	questions=2
2026-05-22 20:43:36,548	INFO	progress	120/192	ok=117 skip=3 err=0
2026-05-22 20:43:38,587	INFO	ok	3.61	text_len=816	questions=2
2026-05-22 20:43:49,817	INFO	ok	3.62	text_len=772	questions=2
2026-05-22 20:43:53,180	INFO	ok	3.63	text_len=735	questions=2
2026-05-22 20:43:54,683	INFO	skip	4.1	(already exists)
2026-05-22 20:43:56,818	INFO	ok	4.2	text_len=1809	questions=3
2026-05-22 20:43:58,997	INFO	ok	4.3	text_len=1024	questions=3
2026-05-22 20:44:01,048	INFO	ok	4.4	text_len=1259	questions=3
2026-05-22 20:44:03,279	INFO	ok	4.5	text_len=890	questions=3
2026-05-22 20:44:05,438	INFO	ok	4.6	text_len=891	questions=3
2026-05-22 20:44:07,744	INFO	ok	4.7	text_len=868	questions=3
2026-05-22 20:44:09,976	INFO	ok	4.8	text_len=1669	questions=3
2026-05-22 20:44:17,167	INFO	ok	4.9	text_len=1107	questions=3
2026-05-22 20:44:27,516	INFO	ok	4.10	text_len=1177	questions=3
2026-05-22 20:44:39,159	INFO	ok	4.11	text_len=1114	questions=3
2026-05-22 20:44:41,242	INFO	ok	4.12	text_len=1456	questions=3
2026-05-22 20:44:43,234	INFO	ok	4.13	text_len=1063	questions=3
2026-05-22 20:44:45,478	INFO	ok	4.14	text_len=1319	questions=3
2026-05-22 20:44:47,612	INFO	ok	4.15	text_len=945	questions=3
2026-05-22 20:45:09,400	INFO	ok	4.16	text_len=1119	questions=3
2026-05-22 20:45:15,366	INFO	ok	4.17	text_len=1141	questions=3
2026-05-22 20:45:15,366	INFO	progress	140/192	ok=136 skip=4 err=0
2026-05-22 20:45:17,383	INFO	ok	4.18	text_len=1010	questions=3
2026-05-22 20:45:19,513	INFO	ok	4.19	text_len=1105	questions=3
2026-05-22 20:45:23,880	INFO	ok	4.20	text_len=1382	questions=3
2026-05-22 20:45:44,566	INFO	ok	4.21	text_len=912	questions=3
2026-05-22 20:45:52,049	INFO	ok	4.22	text_len=1153	questions=3
2026-05-22 20:46:22,463	INFO	ok	4.23	text_len=1257	questions=3
2026-05-22 20:46:40,199	INFO	ok	4.24	text_len=1271	questions=3
2026-05-22 20:46:43,328	INFO	ok	4.25	text_len=989	questions=3
2026-05-22 20:46:45,392	INFO	ok	4.26	text_len=939	questions=3
2026-05-22 20:46:47,465	INFO	ok	4.27	text_len=1477	questions=3
2026-05-22 20:46:49,627	INFO	ok	4.28	text_len=1208	questions=3
2026-05-22 20:46:52,099	INFO	ok	4.29	text_len=1132	questions=3
2026-05-22 20:46:54,132	INFO	ok	4.30	text_len=1188	questions=3
2026-05-22 20:46:56,290	INFO	ok	4.31	text_len=1177	questions=3
2026-05-22 20:46:57,791	INFO	skip	5.1	(already exists)
2026-05-22 20:46:59,913	INFO	ok	5.2	text_len=5744	questions=6
2026-05-22 20:47:02,285	INFO	ok	5.3	text_len=2635	questions=6
2026-05-22 20:47:04,364	INFO	ok	5.4	text_len=2709	questions=6
2026-05-22 20:47:06,462	INFO	ok	5.5	text_len=2434	questions=6
2026-05-22 20:47:08,589	INFO	ok	5.6	text_len=2183	questions=6
2026-05-22 20:47:08,589	INFO	progress	160/192	ok=155 skip=5 err=0
2026-05-22 20:47:10,681	INFO	ok	5.7	text_len=2996	questions=6
2026-05-22 20:47:13,732	INFO	ok	5.8	text_len=2794	questions=6
2026-05-22 20:47:15,847	INFO	ok	5.9	text_len=2411	questions=6
2026-05-22 20:47:17,940	INFO	ok	5.10	text_len=2291	questions=6
2026-05-22 20:47:42,548	INFO	ok	5.11	text_len=2353	questions=6
2026-05-22 20:47:44,668	INFO	ok	5.12	text_len=2878	questions=6
2026-05-22 20:47:46,909	INFO	ok	5.13	text_len=3470	questions=6
2026-05-22 20:47:48,974	INFO	ok	5.14	text_len=2378	questions=6
2026-05-22 20:47:50,959	INFO	ok	5.15	text_len=2345	questions=6
2026-05-22 20:47:53,164	INFO	ok	5.16	text_len=1863	questions=6
2026-05-22 20:47:55,416	INFO	ok	5.17	text_len=2111	questions=6
2026-05-22 20:47:57,892	INFO	ok	5.18	text_len=1887	questions=6
2026-05-22 20:48:00,047	INFO	ok	5.19	text_len=3061	questions=6
2026-05-22 20:48:02,225	INFO	ok	5.20	text_len=2333	questions=6
2026-05-22 20:48:04,307	INFO	ok	5.21	text_len=2840	questions=6
2026-05-22 20:48:06,424	INFO	ok	5.22	text_len=2826	questions=6
2026-05-22 20:48:08,630	INFO	ok	5.23	text_len=3534	questions=6
2026-05-22 20:48:10,926	INFO	ok	5.24	text_len=3894	questions=6
2026-05-22 20:48:13,022	INFO	ok	5.25	text_len=3253	questions=6
2026-05-22 20:48:15,217	INFO	ok	5.26	text_len=4139	questions=6
2026-05-22 20:48:15,217	INFO	progress	180/192	ok=175 skip=5 err=0
2026-05-22 20:48:27,400	INFO	ok	5.27	text_len=3440	questions=6
2026-05-22 20:48:29,374	INFO	ok	5.28	text_len=2982	questions=6
2026-05-22 20:48:31,340	INFO	ok	5.29	text_len=3305	questions=6
2026-05-22 20:48:43,760	INFO	ok	5.30	text_len=2610	questions=6
2026-05-22 20:49:02,152	INFO	ok	5.31	text_len=3301	questions=6
2026-05-22 20:49:04,516	INFO	ok	5.32	text_len=3469	questions=6
2026-05-22 20:49:06,530	INFO	ok	5.33	text_len=3162	questions=6
2026-05-22 20:49:08,681	INFO	ok	5.34	text_len=3194	questions=6
2026-05-22 20:49:10,799	INFO	ok	5.35	text_len=3343	questions=6
2026-05-22 20:49:12,877	INFO	ok	5.36	text_len=3194	questions=6
2026-05-22 20:49:14,911	INFO	ok	5.37	text_len=2274	questions=6
2026-05-22 20:49:17,044	INFO	ok	5.38	text_len=2003	questions=6
