[LingQ Lessons Push] 2026-05-25 22:10:34 (LIVE --apply, BATCH)
Glob: input\html\deutsch-vorbereitung\horen\*
Matched 344 folder | sleep=2s | mode=APPLY

[1/344] input/html/deutsch-vorbereitung/horen/1.1/ — skip (already-pushed lesson_id=44743345).
[2/344] input/html/deutsch-vorbereitung/horen/1.10/ — skip (already-pushed lesson_id=44762451).
[3/344] input/html/deutsch-vorbereitung/horen/1.101/ — skip (already-pushed lesson_id=44762453).
[4/344] input/html/deutsch-vorbereitung/horen/1.102/ — skip (already-pushed lesson_id=44762455).
[5/344] input/html/deutsch-vorbereitung/horen/1.103/ — skip (already-pushed lesson_id=44762458).
[6/344] input/html/deutsch-vorbereitung/horen/1.104/ — skip (already-pushed lesson_id=44762463).
[7/344] POST /lessons/ "Das Betriebsfest" (input/html/deutsch-vorbereitung/horen/1.105/) ...
  HTTP 201 (3710ms) lesson_id=44762523
Upload audio: 1.105.mp3 ...
  Audio OK (duration=35s) — url set
[8/344] POST /lessons/ "Museum der Stadt" (input/html/deutsch-vorbereitung/horen/1.106/) ...
  HTTP 201 (4108ms) lesson_id=44762541
Upload audio: 1.106.mp3 ...
[9/344] POST /lessons/ "In Geschäft" (input/html/deutsch-vorbereitung/horen/1.107/) ...
  HTTP 201 (4789ms) lesson_id=44762558
Upload audio: 1.107.mp3 ...
[10/344] POST /lessons/ "Die Buslinie 45" (input/html/deutsch-vorbereitung/horen/1.108/) ...
  HTTP 201 (3931ms) lesson_id=44762582
Upload audio: 1.108.mp3 ...
  Audio OK (duration=219s) — url set
[11/344] POST /lessons/ "Sternenlicht" (input/html/deutsch-vorbereitung/horen/1.109/) ...
  HTTP 201 (3911ms) lesson_id=44762598
Upload audio: 1.109.mp3 ...
[12/344] POST /lessons/ "Hinweise für Gäste im Schwimmbad" (input/html/deutsch-vorbereitung/horen/1.11/) ...
  HTTP 201 (2548ms) lesson_id=44762613
Upload audio: 1.11.mp3 ...
  Audio OK (duration=23s) — url set
[13/344] POST /lessons/ "S-Bahn-Linie 3" (input/html/deutsch-vorbereitung/horen/1.110/) ...
  HTTP 201 (3028ms) lesson_id=44762629
Upload audio: 1.110.mp3 ...
[14/344] POST /lessons/ "Alternative empfohlen" (input/html/deutsch-vorbereitung/horen/1.111/) ...
  HTTP 201 (68314ms) lesson_id=44762783
Upload audio: 1.111.mp3 ...
[15/344] POST /lessons/ "Hotline" (input/html/deutsch-vorbereitung/horen/1.112/) ...
  HTTP 201 (2764ms) lesson_id=44762787
Upload audio: 1.112.mp3 ...
  Audio OK (duration=50s) — url set
[16/344] POST /lessons/ "Kundenhotline" (input/html/deutsch-vorbereitung/horen/1.113/) ...
  HTTP 201 (4876ms) lesson_id=44762789
Upload audio: 1.113.mp3 ...
[17/344] POST /lessons/ "Nachrichten" (input/html/deutsch-vorbereitung/horen/1.114/) ...
  HTTP 201 (2842ms) lesson_id=44762790
Upload audio: 1.114.mp3 ...
[18/344] POST /lessons/ "Welche Plattform" (input/html/deutsch-vorbereitung/horen/1.115/) ...
  HTTP 201 (3699ms) lesson_id=44762791
Upload audio: 1.115.mp3 ...
  Audio OK (duration=16s) — url set
[19/344] POST /lessons/ "Frau Nasser" (input/html/deutsch-vorbereitung/horen/1.116/) ...
  HTTP 201 (2107ms) lesson_id=44762793
Upload audio: 1.116.mp3 ...
  Audio OK (duration=43s) — url set
[20/344] POST /lessons/ "Rückruf vom Malerbetrieb" (input/html/deutsch-vorbereitung/horen/1.117/) ...
  HTTP 201 (18366ms) lesson_id=44762796
Upload audio: 1.117.mp3 ...
  Audio OK (duration=42s) — url set
[21/344] POST /lessons/ "A 6 München–Stuttgart" (input/html/deutsch-vorbereitung/horen/1.118/) ...
  HTTP 201 (3212ms) lesson_id=44762798
Upload audio: 1.118.mp3 ...
  Audio OK (duration=23s) — url set
[22/344] POST /lessons/ "Abend im Radio" (input/html/deutsch-vorbereitung/horen/1.119/) ...
  HTTP 201 (2961ms) lesson_id=44762799
Upload audio: 1.119.mp3 ...
  Audio OK (duration=30s) — url set
[23/344] POST /lessons/ "Hinweise im Supermarkt" (input/html/deutsch-vorbereitung/horen/1.12/) ...
  HTTP 201 (3867ms) lesson_id=44762800
Upload audio: 1.12.mp3 ...
  Audio OK (duration=22s) — url set
[24/344] POST /lessons/ "Der orthopädischen Praxis Dr. Ulrich" (input/html/deutsch-vorbereitung/horen/1.120/) ...
  HTTP 201 (3947ms) lesson_id=44762801
Upload audio: 1.120.mp3 ...
  Audio OK (duration=34s) — url set
[25/344] POST /lessons/ "Eine Verspätung von 30 Minuten" (input/html/deutsch-vorbereitung/horen/1.121/) ...
  HTTP 201 (3883ms) lesson_id=44762803
Upload audio: 1.121.mp3 ...
  Audio OK (duration=19s) — url set
[26/344] POST /lessons/ "1 plus 1" (input/html/deutsch-vorbereitung/horen/1.122/) ...
  HTTP 201 (18920ms) lesson_id=44762806
Upload audio: 1.122.mp3 ...
  Audio OK (duration=26s) — url set
[27/344] POST /lessons/ "Versicherung" (input/html/deutsch-vorbereitung/horen/1.123/) ...
  HTTP 201 (1895ms) lesson_id=44762807
Upload audio: 1.123.mp3 ...
  Audio OK (duration=20s) — url set
[28/344] POST /lessons/ "Lutz fragt" (input/html/deutsch-vorbereitung/horen/1.124/) ...
  HTTP 201 (3228ms) lesson_id=44762808
Upload audio: 1.124.mp3 ...
  Audio OK (duration=35s) — url set
[29/344] POST /lessons/ "Tipps für Patienten" (input/html/deutsch-vorbereitung/horen/1.125/) ...
  HTTP 201 (3559ms) lesson_id=44762811
Upload audio: 1.125.mp3 ...
  Audio OK (duration=37s) — url set
[30/344] POST /lessons/ "Wetter nächste Woche" (input/html/deutsch-vorbereitung/horen/1.126/) ...
  HTTP 201 (2568ms) lesson_id=44762813
Upload audio: 1.126.mp3 ...
  Audio OK (duration=38s) — url set
[31/344] POST /lessons/ "Heute Nachmittag zum Hauptbahnhof" (input/html/deutsch-vorbereitung/horen/1.127/) ...
  HTTP 201 (3418ms) lesson_id=44762814
Upload audio: 1.127.mp3 ...
  Audio OK (duration=27s) — url set
[32/344] POST /lessons/ "Versicherung kündigen" (input/html/deutsch-vorbereitung/horen/1.128/) ...
  HTTP 201 (3110ms) lesson_id=44762815
Upload audio: 1.128.mp3 ...
  Audio OK (duration=40s) — url set
[33/344] POST /lessons/ "Silvester feiert" (input/html/deutsch-vorbereitung/horen/1.129/) ...
  HTTP 201 (4545ms) lesson_id=44762817
Upload audio: 1.129.mp3 ...
  Audio OK (duration=58s) — url set
[34/344] POST /lessons/ "Informationen für Reisende am Bahnhof" (input/html/deutsch-vorbereitung/horen/1.13/) ...
  HTTP 201 (11138ms) lesson_id=44762818
Upload audio: 1.13.mp3 ...
  Audio OK (duration=20s) — url set
[35/344] POST /lessons/ "Emma - Elektrik" (input/html/deutsch-vorbereitung/horen/1.130/) ...
  HTTP 201 (2003ms) lesson_id=44762819
Upload audio: 1.130.mp3 ...
  Audio OK (duration=38s) — url set
[36/344] POST /lessons/ "Angebot einer Wohnung" (input/html/deutsch-vorbereitung/horen/1.131/) ...
  HTTP 201 (1916ms) lesson_id=44762823
Upload audio: 1.131.mp3 ...
  Audio OK (duration=27s) — url set
[37/344] POST /lessons/ "Deutschkurs anmelden" (input/html/deutsch-vorbereitung/horen/1.132/) ...
  HTTP 201 (1767ms) lesson_id=44762824
Upload audio: 1.132.mp3 ...
  Audio OK (duration=35s) — url set
[38/344] POST /lessons/ "Welche Nummer" (input/html/deutsch-vorbereitung/horen/1.133/) ...
  HTTP 201 (5228ms) lesson_id=44762831
Upload audio: 1.133.mp3 ...
  Audio OK (duration=37s) — url set
[39/344] POST /lessons/ "Frau Schönes Abo" (input/html/deutsch-vorbereitung/horen/1.134/) ...
  HTTP 201 (2678ms) lesson_id=44762835
Upload audio: 1.134.mp3 ...
  Audio OK (duration=59s) — url set
[40/344] POST /lessons/ "Beruf" (input/html/deutsch-vorbereitung/horen/1.135/) ...
  HTTP 201 (5517ms) lesson_id=44762838
Upload audio: 1.135.mp3 ...
  Audio OK (duration=24s) — url set
[41/344] POST /lessons/ "Café del Mundo" (input/html/deutsch-vorbereitung/horen/1.136/) ...
  HTTP 201 (5930ms) lesson_id=44762841
Upload audio: 1.136.mp3 ...
  Audio OK (duration=28s) — url set
[42/344] POST /lessons/ "Einkaufscenter" (input/html/deutsch-vorbereitung/horen/1.137/) ...
  HTTP 201 (2965ms) lesson_id=44762846
Upload audio: 1.137.mp3 ...
  Audio OK (duration=28s) — url set
[43/344] POST /lessons/ "Gefundene Sporttasche" (input/html/deutsch-vorbereitung/horen/1.138/) ...
  HTTP 201 (2872ms) lesson_id=44762848
Upload audio: 1.138.mp3 ...
  Audio OK (duration=24s) — url set
[44/344] POST /lessons/ "Musikfestival" (input/html/deutsch-vorbereitung/horen/1.139/) ...
  HTTP 201 (19511ms) lesson_id=44762855
Upload audio: 1.139.mp3 ...
  Audio OK (duration=28s) — url set
[45/344] POST /lessons/ "Hinweise für Gäste im Hotel" (input/html/deutsch-vorbereitung/horen/1.14/) ...
  HTTP 201 (2713ms) lesson_id=44762857
Upload audio: 1.14.mp3 ...
  Audio OK (duration=18s) — url set
[46/344] POST /lessons/ "Informationen zur Weiterfahrt aufgrund technischer Probleme" (input/html/deutsch-vorbereitung/horen/1.140/) ...
  HTTP 201 (3927ms) lesson_id=44762859
Upload audio: 1.140.mp3 ...
  Audio OK (duration=36s) — url set
[47/344] POST /lessons/ "Straßenbahnen sind während der Sommerferien" (input/html/deutsch-vorbereitung/horen/1.141/) ...
  HTTP 201 (2243ms) lesson_id=44762860
Upload audio: 1.141.mp3 ...
  Audio OK (duration=25s) — url set
[48/344] POST /lessons/ "Benachrichtigung zur Terminänderung im Friseursalon" (input/html/deutsch-vorbereitung/horen/1.142/) ...
  HTTP 201 (2139ms) lesson_id=44762862
Upload audio: 1.142.mp3 ...
  Audio OK (duration=28s) — url set
[49/344] POST /lessons/ "Abholung eines neuen Ausweises im Bürgerbüro" (input/html/deutsch-vorbereitung/horen/1.143/) ...
  HTTP 201 (3117ms) lesson_id=44762864
Upload audio: 1.143.mp3 ...
  Audio OK (duration=25s) — url set
[50/344] POST /lessons/ "Wichtiges Anliegen zur Kfz-Versicherung" (input/html/deutsch-vorbereitung/horen/1.144/) ...
  HTTP 201 (3212ms) lesson_id=44762866
Upload audio: 1.144.mp3 ...
  Audio OK (duration=28s) — url set
[51/344] POST /lessons/ "NRW Radio" (input/html/deutsch-vorbereitung/horen/1.145/) ...
  HTTP 201 (9130ms) lesson_id=44762869
Upload audio: 1.145.mp3 ...
  Audio OK (duration=27s) — url set
[52/344] POST /lessons/ "RuheSon" (input/html/deutsch-vorbereitung/horen/1.146/) ...
  HTTP 201 (2661ms) lesson_id=44762872
Upload audio: 1.146.mp3 ...
  Audio OK (duration=32s) — url set
[53/344] POST /lessons/ "Wer ruft Burak an" (input/html/deutsch-vorbereitung/horen/1.147/) ...
